<?xml version="1.0" encoding="UTF-8"?>
<!-- Generated by org.testng.reporters.JUnitReportReporter -->
<testsuite hostname="hakantektas-MacBook-Pro.local" failures="0" tests="2" name="TestClass.signUpTest" time="3.521" errors="0" timestamp="2023-02-23T14:34:51 TRT" skipped="0">
  <testcase classname="TestClass.signUpTest" name="homePageUrlControl" time="0.237"/>
  <system-out/>
  <testcase classname="TestClass.signUpTest" name="signUpFail" time="3.284"/>
  <system-out/>
</testsuite> <!-- TestClass.signUpTest -->
