<?xml version="1.0" encoding="UTF-8"?>
<!-- Generated by org.testng.reporters.JUnitReportReporter -->
<testsuite hostname="hakantektas-MacBook-Pro.local" failures="0" tests="2" name="PageFactoryTest.signUpTestPageFactory" time="4.282" errors="0" timestamp="2023-02-23T14:46:47 TRT" skipped="0">
  <testcase classname="PageFactoryTest.signUpTestPageFactory" name="homePageUrlControl" time="0.144"/>
  <system-out/>
  <testcase classname="PageFactoryTest.signUpTestPageFactory" name="signUpFail" time="4.138"/>
  <system-out/>
</testsuite> <!-- PageFactoryTest.signUpTestPageFactory -->
